[1/8/2016 3:10:22] Deleted item from 'player_depotitems' with SERIAL: [02LYM-EU69C-8W8E5-TD5CK] PLAYER: [289] PLAYER NAME: [Xrek] ITEM: [2273] COUNT: [2]
[1/8/2016 3:10:22] Deleted item from 'player_depotitems' with SERIAL: [02LYM-EU69C-8W8E5-TD5CK] PLAYER: [300] PLAYER NAME: [Abeas] ITEM: [2273] COUNT: [2]
[1/8/2016 3:10:22] Deleted item from 'player_items' with SERIAL: [0HIEL-JRBIL-KEIMR-HFYU4] PLAYER: [288] PLAYER NAME: [Darkness Knight] ITEM: [2273] COUNT: [2]
[1/8/2016 3:10:22] Deleted item from 'player_items' with SERIAL: [0HIEL-JRBIL-KEIMR-HFYU4] PLAYER: [506] PLAYER NAME: [Alquimia] ITEM: [2273] COUNT: [2]
[1/8/2016 3:10:22] Deleted item from 'player_items' with SERIAL: [0MROX-96QL9-WFD77-P18QS] PLAYER: [289] PLAYER NAME: [Xrek] ITEM: [2273] COUNT: [2]
[1/8/2016 3:10:22] Deleted item from 'player_depotitems' with SERIAL: [0MROX-96QL9-WFD77-P18QS] PLAYER: [300] PLAYER NAME: [Abeas] ITEM: [2273] COUNT: [2]
[1/8/2016 3:10:22] Deleted item from 'player_items' with SERIAL: [0NGCW-WW2I8-DRGEO-5C7XK] PLAYER: [288] PLAYER NAME: [Darkness Knight] ITEM: [2273] COUNT: [2]
[1/8/2016 3:10:22] Deleted item from 'player_items' with SERIAL: [0NGCW-WW2I8-DRGEO-5C7XK] PLAYER: [506] PLAYER NAME: [Alquimia] ITEM: [2273] COUNT: [2]
[1/8/2016 3:10:22] Deleted item from 'player_depotitems' with SERIAL: [0NJXE-0PYQD-Y9E6P-OI5T8] PLAYER: [289] PLAYER NAME: [Xrek] ITEM: [2273] COUNT: [2]
[1/8/2016 3:10:22] Deleted item from 'player_depotitems' with SERIAL: [0NJXE-0PYQD-Y9E6P-OI5T8] PLAYER: [300] PLAYER NAME: [Abeas] ITEM: [2273] COUNT: [2]
[1/8/2016 3:10:22] Deleted item from 'player_items' with SERIAL: [0NMZC-E6VZW-32N9M-HRNEJ] PLAYER: [289] PLAYER NAME: [Xrek] ITEM: [2273] COUNT: [2]
[1/8/2016 3:10:22] Deleted item from 'player_depotitems' with SERIAL: [0NMZC-E6VZW-32N9M-HRNEJ] PLAYER: [300] PLAYER NAME: [Abeas] ITEM: [2273] COUNT: [2]
[1/8/2016 3:10:22] Deleted item from 'player_items' with SERIAL: [109W3-UD6Z6-N2XTP-0SJXJ] PLAYER: [300] PLAYER NAME: [Abeas] ITEM: [2273] COUNT: [1]
[1/8/2016 3:10:22] Deleted item from 'player_depotitems' with SERIAL: [109W3-UD6Z6-N2XTP-0SJXJ] PLAYER: [289] PLAYER NAME: [Xrek] ITEM: [2273] COUNT: [1]
[1/8/2016 3:10:22] Deleted item from 'player_items' with SERIAL: [1NBNV-UWUMH-X1DMS-SQBD5] PLAYER: [289] PLAYER NAME: [Xrek] ITEM: [2273] COUNT: [2]
[1/8/2016 3:10:22] Deleted item from 'player_depotitems' with SERIAL: [1NBNV-UWUMH-X1DMS-SQBD5] PLAYER: [300] PLAYER NAME: [Abeas] ITEM: [2273] COUNT: [2]
[1/8/2016 3:10:22] Deleted item from 'player_items' with SERIAL: [1R741-CPHOI-OPDV0-2SU18] PLAYER: [288] PLAYER NAME: [Darkness Knight] ITEM: [2273] COUNT: [2]
[1/8/2016 3:10:22] Deleted item from 'player_items' with SERIAL: [1R741-CPHOI-OPDV0-2SU18] PLAYER: [506] PLAYER NAME: [Alquimia] ITEM: [2273] COUNT: [2]
[1/8/2016 3:10:22] Deleted item from 'player_items' with SERIAL: [1UURI-FB8MW-J6VII-27TUT] PLAYER: [302] PLAYER NAME: [Retarded Cleide] ITEM: [2643] COUNT: [1]
[1/8/2016 3:10:22] Deleted item from 'player_items' with SERIAL: [1UURI-FB8MW-J6VII-27TUT] PLAYER: [422] PLAYER NAME: [Seu Clayton] ITEM: [2643] COUNT: [1]
[1/8/2016 3:10:22] Deleted item from 'player_items' with SERIAL: [1XUUW-NCZQT-FBXQQ-KWR5W] PLAYER: [288] PLAYER NAME: [Darkness Knight] ITEM: [2002] COUNT: [1]
[1/8/2016 3:10:22] Deleted item from 'player_items' with SERIAL: [1XUUW-NCZQT-FBXQQ-KWR5W] PLAYER: [506] PLAYER NAME: [Alquimia] ITEM: [2002] COUNT: [1]
[1/8/2016 3:10:22] Deleted item from 'player_items' with SERIAL: [1ZD4Q-BZ4TW-XC2MK-9OEHF] PLAYER: [148] PLAYER NAME: [Ve Ge Ta] ITEM: [2663] COUNT: [1]
[1/8/2016 3:10:22] Deleted item from 'player_items' with SERIAL: [1ZD4Q-BZ4TW-XC2MK-9OEHF] PLAYER: [534] PLAYER NAME: [Culito] ITEM: [2663] COUNT: [1]
[1/8/2016 3:10:22] Deleted item from 'player_items' with SERIAL: [2T6P2-YF470-W4ZKX-S7JV7] PLAYER: [300] PLAYER NAME: [Abeas] ITEM: [2273] COUNT: [2]
[1/8/2016 3:10:22] Deleted item from 'player_depotitems' with SERIAL: [2T6P2-YF470-W4ZKX-S7JV7] PLAYER: [289] PLAYER NAME: [Xrek] ITEM: [2273] COUNT: [2]
[1/8/2016 3:10:22] Deleted item from 'player_items' with SERIAL: [31M4D-NFT5W-32MXX-V02S8] PLAYER: [288] PLAYER NAME: [Darkness Knight] ITEM: [2273] COUNT: [2]
[1/8/2016 3:10:22] Deleted item from 'player_items' with SERIAL: [31M4D-NFT5W-32MXX-V02S8] PLAYER: [506] PLAYER NAME: [Alquimia] ITEM: [2273] COUNT: [2]
[1/8/2016 3:10:22] Deleted item from 'player_items' with SERIAL: [3GFX9-WZM8K-DF75H-12E2J] PLAYER: [33] PLAYER NAME: [Zabijxera] ITEM: [2483] COUNT: [1]
[1/8/2016 3:10:22] Deleted item from 'player_items' with SERIAL: [3GFX9-WZM8K-DF75H-12E2J] PLAYER: [496] PLAYER NAME: [Cenora] ITEM: [2483] COUNT: [1]
[1/8/2016 3:10:22] Deleted item from 'player_items' with SERIAL: [3WNBF-T4UYS-XX4EN-4PJVC] PLAYER: [289] PLAYER NAME: [Xrek] ITEM: [2273] COUNT: [2]
[1/8/2016 3:10:22] Deleted item from 'player_depotitems' with SERIAL: [3WNBF-T4UYS-XX4EN-4PJVC] PLAYER: [300] PLAYER NAME: [Abeas] ITEM: [2273] COUNT: [2]
[1/8/2016 3:10:22] Deleted item from 'player_items' with SERIAL: [4JSJX-X8RQZ-D2XVF-V3CM0] PLAYER: [288] PLAYER NAME: [Darkness Knight] ITEM: [2273] COUNT: [2]
[1/8/2016 3:10:22] Deleted item from 'player_items' with SERIAL: [4JSJX-X8RQZ-D2XVF-V3CM0] PLAYER: [506] PLAYER NAME: [Alquimia] ITEM: [2273] COUNT: [2]
[1/8/2016 3:10:23] Deleted item from 'player_depotitems' with SERIAL: [4O9WW-4LKXW-22672-0O01P] PLAYER: [289] PLAYER NAME: [Xrek] ITEM: [2273] COUNT: [2]
[1/8/2016 3:10:23] Deleted item from 'player_depotitems' with SERIAL: [4O9WW-4LKXW-22672-0O01P] PLAYER: [300] PLAYER NAME: [Abeas] ITEM: [2273] COUNT: [2]
[1/8/2016 3:10:23] Deleted item from 'player_items' with SERIAL: [4RXSV-F5JDG-FMQDF-Z5RPJ] PLAYER: [288] PLAYER NAME: [Darkness Knight] ITEM: [2273] COUNT: [2]
[1/8/2016 3:10:23] Deleted item from 'player_items' with SERIAL: [4RXSV-F5JDG-FMQDF-Z5RPJ] PLAYER: [506] PLAYER NAME: [Alquimia] ITEM: [2273] COUNT: [2]
[1/8/2016 3:10:23] Deleted item from 'player_items' with SERIAL: [541D6-BY5WL-W5M0Z-X7F9U] PLAYER: [148] PLAYER NAME: [Ve Ge Ta] ITEM: [2304] COUNT: [4]
[1/8/2016 3:10:23] Deleted item from 'player_items' with SERIAL: [541D6-BY5WL-W5M0Z-X7F9U] PLAYER: [467] PLAYER NAME: [Paolo Guerrero] ITEM: [2304] COUNT: [4]
[1/8/2016 3:10:23] Deleted item from 'player_items' with SERIAL: [55CNH-WX095-QCZLR-4M8WI] PLAYER: [300] PLAYER NAME: [Abeas] ITEM: [2273] COUNT: [2]
[1/8/2016 3:10:23] Deleted item from 'player_depotitems' with SERIAL: [55CNH-WX095-QCZLR-4M8WI] PLAYER: [289] PLAYER NAME: [Xrek] ITEM: [2273] COUNT: [2]
[1/8/2016 3:10:23] Deleted item from 'player_items' with SERIAL: [7OMS3-XJEBW-J4TBV-KRM6Q] PLAYER: [300] PLAYER NAME: [Abeas] ITEM: [2273] COUNT: [2]
[1/8/2016 3:10:23] Deleted item from 'player_depotitems' with SERIAL: [7OMS3-XJEBW-J4TBV-KRM6Q] PLAYER: [289] PLAYER NAME: [Xrek] ITEM: [2273] COUNT: [2]
[1/8/2016 3:10:23] Deleted item from 'player_items' with SERIAL: [7Q8S5-UGLZL-F1FMQ-EBL08] PLAYER: [148] PLAYER NAME: [Ve Ge Ta] ITEM: [2304] COUNT: [4]
[1/8/2016 3:10:23] Deleted item from 'player_items' with SERIAL: [7Q8S5-UGLZL-F1FMQ-EBL08] PLAYER: [467] PLAYER NAME: [Paolo Guerrero] ITEM: [2304] COUNT: [2]
[1/8/2016 3:10:23] Deleted item from 'player_items' with SERIAL: [84KXQ-DQ2NO-MV9Y6-2BXRV] PLAYER: [300] PLAYER NAME: [Abeas] ITEM: [2273] COUNT: [2]
[1/8/2016 3:10:23] Deleted item from 'player_depotitems' with SERIAL: [84KXQ-DQ2NO-MV9Y6-2BXRV] PLAYER: [289] PLAYER NAME: [Xrek] ITEM: [2273] COUNT: [2]
[1/8/2016 3:10:23] Deleted item from 'player_items' with SERIAL: [86XVC-GFB7Q-OMD8R-JGV0M] PLAYER: [288] PLAYER NAME: [Darkness Knight] ITEM: [2273] COUNT: [2]
[1/8/2016 3:10:23] Deleted item from 'player_items' with SERIAL: [86XVC-GFB7Q-OMD8R-JGV0M] PLAYER: [506] PLAYER NAME: [Alquimia] ITEM: [2273] COUNT: [2]
[1/8/2016 3:10:23] Deleted item from 'player_items' with SERIAL: [8U4MF-VH3B3-7TIJZ-R4PDQ] PLAYER: [300] PLAYER NAME: [Abeas] ITEM: [1988] COUNT: [1]
[1/8/2016 3:10:23] Deleted item from 'player_depotitems' with SERIAL: [8U4MF-VH3B3-7TIJZ-R4PDQ] PLAYER: [289] PLAYER NAME: [Xrek] ITEM: [1988] COUNT: [1]
[1/8/2016 3:10:23] Deleted item from 'player_items' with SERIAL: [8ZS95-BLXVG-K8JKQ-B7ILS] PLAYER: [288] PLAYER NAME: [Darkness Knight] ITEM: [2273] COUNT: [2]
[1/8/2016 3:10:23] Deleted item from 'player_items' with SERIAL: [8ZS95-BLXVG-K8JKQ-B7ILS] PLAYER: [506] PLAYER NAME: [Alquimia] ITEM: [2273] COUNT: [2]
[1/8/2016 3:10:23] Deleted item from 'player_depotitems' with SERIAL: [9457V-5F699-6MMPP-3VFMX] PLAYER: [289] PLAYER NAME: [Xrek] ITEM: [2273] COUNT: [2]
[1/8/2016 3:10:23] Deleted item from 'player_depotitems' with SERIAL: [9457V-5F699-6MMPP-3VFMX] PLAYER: [300] PLAYER NAME: [Abeas] ITEM: [2273] COUNT: [2]
[1/8/2016 3:10:23] Deleted item from 'player_items' with SERIAL: [95I4P-MQLEL-IVCMC-9FRS8] PLAYER: [288] PLAYER NAME: [Darkness Knight] ITEM: [2273] COUNT: [2]
[1/8/2016 3:10:23] Deleted item from 'player_items' with SERIAL: [95I4P-MQLEL-IVCMC-9FRS8] PLAYER: [506] PLAYER NAME: [Alquimia] ITEM: [2273] COUNT: [2]
[1/8/2016 3:10:23] Deleted item from 'player_items' with SERIAL: [9HQN4-54Z0L-0Z16W-VUYMQ] PLAYER: [288] PLAYER NAME: [Darkness Knight] ITEM: [2273] COUNT: [2]
[1/8/2016 3:10:23] Deleted item from 'player_items' with SERIAL: [9HQN4-54Z0L-0Z16W-VUYMQ] PLAYER: [506] PLAYER NAME: [Alquimia] ITEM: [2273] COUNT: [2]
[1/8/2016 3:10:23] Deleted item from 'player_items' with SERIAL: [9K1D3-7L0QO-JPBVJ-XVOE2] PLAYER: [289] PLAYER NAME: [Xrek] ITEM: [1988] COUNT: [1]
[1/8/2016 3:10:23] Deleted item from 'player_depotitems' with SERIAL: [9K1D3-7L0QO-JPBVJ-XVOE2] PLAYER: [300] PLAYER NAME: [Abeas] ITEM: [1988] COUNT: [1]
[1/8/2016 3:10:23] Deleted item from 'player_items' with SERIAL: [9W39V-UZ46F-R42UJ-6Q666] PLAYER: [289] PLAYER NAME: [Xrek] ITEM: [1988] COUNT: [1]
[1/8/2016 3:10:23] Deleted item from 'player_depotitems' with SERIAL: [9W39V-UZ46F-R42UJ-6Q666] PLAYER: [300] PLAYER NAME: [Abeas] ITEM: [1988] COUNT: [1]
[1/8/2016 3:10:23] Deleted item from 'player_items' with SERIAL: [BEBTQ-KQ9KR-ZED5V-BW5SP] PLAYER: [288] PLAYER NAME: [Darkness Knight] ITEM: [2273] COUNT: [2]
[1/8/2016 3:10:23] Deleted item from 'player_items' with SERIAL: [BEBTQ-KQ9KR-ZED5V-BW5SP] PLAYER: [506] PLAYER NAME: [Alquimia] ITEM: [2273] COUNT: [2]
[1/8/2016 3:10:23] Deleted item from 'player_items' with SERIAL: [BJOLU-09J1G-1CQMC-CT0LS] PLAYER: [288] PLAYER NAME: [Darkness Knight] ITEM: [2273] COUNT: [2]
[1/8/2016 3:10:23] Deleted item from 'player_items' with SERIAL: [BJOLU-09J1G-1CQMC-CT0LS] PLAYER: [506] PLAYER NAME: [Alquimia] ITEM: [2273] COUNT: [2]
[1/8/2016 3:10:24] Deleted item from 'player_items' with SERIAL: [BLHRK-6Z8NI-YR80K-MMOHS] PLAYER: [288] PLAYER NAME: [Darkness Knight] ITEM: [2273] COUNT: [2]
[1/8/2016 3:10:24] Deleted item from 'player_items' with SERIAL: [BLHRK-6Z8NI-YR80K-MMOHS] PLAYER: [506] PLAYER NAME: [Alquimia] ITEM: [2273] COUNT: [2]
[1/8/2016 3:10:24] Deleted item from 'player_items' with SERIAL: [BRH3G-15VPY-U24Q3-6D3M7] PLAYER: [302] PLAYER NAME: [Retarded Cleide] ITEM: [2465] COUNT: [1]
[1/8/2016 3:10:24] Deleted item from 'player_items' with SERIAL: [BRH3G-15VPY-U24Q3-6D3M7] PLAYER: [422] PLAYER NAME: [Seu Clayton] ITEM: [2465] COUNT: [1]
[1/8/2016 3:10:24] Deleted item from 'player_depotitems' with SERIAL: [BZWNO-V3B97-HG8DC-Q4OS3] PLAYER: [289] PLAYER NAME: [Xrek] ITEM: [2273] COUNT: [2]
[1/8/2016 3:10:24] Deleted item from 'player_depotitems' with SERIAL: [BZWNO-V3B97-HG8DC-Q4OS3] PLAYER: [300] PLAYER NAME: [Abeas] ITEM: [2273] COUNT: [2]
[1/8/2016 3:10:24] Deleted item from 'player_items' with SERIAL: [CNWEH-TF3N9-HWBB8-HBI5V] PLAYER: [288] PLAYER NAME: [Darkness Knight] ITEM: [2273] COUNT: [2]
[1/8/2016 3:10:24] Deleted item from 'player_items' with SERIAL: [CNWEH-TF3N9-HWBB8-HBI5V] PLAYER: [506] PLAYER NAME: [Alquimia] ITEM: [2273] COUNT: [2]
[1/8/2016 3:10:24] Deleted item from 'player_items' with SERIAL: [CTIJM-VV0QW-WWWW4-5JKKH] PLAYER: [288] PLAYER NAME: [Darkness Knight] ITEM: [2273] COUNT: [2]
[1/8/2016 3:10:24] Deleted item from 'player_items' with SERIAL: [CTIJM-VV0QW-WWWW4-5JKKH] PLAYER: [506] PLAYER NAME: [Alquimia] ITEM: [2273] COUNT: [2]
[1/8/2016 3:10:24] Deleted item from 'player_items' with SERIAL: [D7Y3D-FSJDS-1E8IV-8YVSG] PLAYER: [289] PLAYER NAME: [Xrek] ITEM: [2273] COUNT: [2]
[1/8/2016 3:10:24] Deleted item from 'player_depotitems' with SERIAL: [D7Y3D-FSJDS-1E8IV-8YVSG] PLAYER: [300] PLAYER NAME: [Abeas] ITEM: [2273] COUNT: [2]
[1/8/2016 3:10:24] Deleted item from 'player_items' with SERIAL: [DO5J5-TCV2W-WKFFI-UTICT] PLAYER: [289] PLAYER NAME: [Xrek] ITEM: [2273] COUNT: [2]
[1/8/2016 3:10:24] Deleted item from 'player_depotitems' with SERIAL: [DO5J5-TCV2W-WKFFI-UTICT] PLAYER: [300] PLAYER NAME: [Abeas] ITEM: [2273] COUNT: [2]
[1/8/2016 3:10:24] Deleted item from 'player_items' with SERIAL: [DQHLM-W5M2U-XDWNN-PPHRG] PLAYER: [300] PLAYER NAME: [Abeas] ITEM: [2273] COUNT: [1]
[1/8/2016 3:10:24] Deleted item from 'player_depotitems' with SERIAL: [DQHLM-W5M2U-XDWNN-PPHRG] PLAYER: [289] PLAYER NAME: [Xrek] ITEM: [2273] COUNT: [1]
[1/8/2016 3:10:24] Deleted item from 'player_items' with SERIAL: [EB4TV-GKPZM-MINUM-BJWIT] PLAYER: [288] PLAYER NAME: [Darkness Knight] ITEM: [2273] COUNT: [2]
[1/8/2016 3:10:24] Deleted item from 'player_items' with SERIAL: [EB4TV-GKPZM-MINUM-BJWIT] PLAYER: [506] PLAYER NAME: [Alquimia] ITEM: [2273] COUNT: [2]
[1/8/2016 3:10:24] Deleted item from 'player_items' with SERIAL: [EL5HI-5QU0O-Y7E7Q-8W09H] PLAYER: [289] PLAYER NAME: [Xrek] ITEM: [2273] COUNT: [2]
[1/8/2016 3:10:24] Deleted item from 'player_depotitems' with SERIAL: [EL5HI-5QU0O-Y7E7Q-8W09H] PLAYER: [300] PLAYER NAME: [Abeas] ITEM: [2273] COUNT: [2]
[1/8/2016 3:10:24] Deleted item from 'player_items' with SERIAL: [EXC1H-7VI1Y-ZYIRO-BMTCX] PLAYER: [288] PLAYER NAME: [Darkness Knight] ITEM: [2273] COUNT: [2]
[1/8/2016 3:10:24] Deleted item from 'player_items' with SERIAL: [EXC1H-7VI1Y-ZYIRO-BMTCX] PLAYER: [506] PLAYER NAME: [Alquimia] ITEM: [2273] COUNT: [2]
[1/8/2016 3:10:25] Deleted item from 'player_items' with SERIAL: [F23FV-3QH4E-7W0TF-JMX4T] PLAYER: [288] PLAYER NAME: [Darkness Knight] ITEM: [2273] COUNT: [2]
[1/8/2016 3:10:25] Deleted item from 'player_items' with SERIAL: [F23FV-3QH4E-7W0TF-JMX4T] PLAYER: [506] PLAYER NAME: [Alquimia] ITEM: [2273] COUNT: [2]
[1/8/2016 3:10:25] Deleted item from 'player_items' with SERIAL: [F791D-FE31Y-UTWD0-PMOC4] PLAYER: [300] PLAYER NAME: [Abeas] ITEM: [2273] COUNT: [1]
[1/8/2016 3:10:25] Deleted item from 'player_depotitems' with SERIAL: [F791D-FE31Y-UTWD0-PMOC4] PLAYER: [289] PLAYER NAME: [Xrek] ITEM: [2273] COUNT: [1]
[1/8/2016 3:10:25] Deleted item from 'player_depotitems' with SERIAL: [F8KCN-E7PK9-C6RW3-S7CYE] PLAYER: [289] PLAYER NAME: [Xrek] ITEM: [2273] COUNT: [2]
[1/8/2016 3:10:25] Deleted item from 'player_depotitems' with SERIAL: [F8KCN-E7PK9-C6RW3-S7CYE] PLAYER: [300] PLAYER NAME: [Abeas] ITEM: [2273] COUNT: [2]
[1/8/2016 3:10:25] Deleted item from 'player_items' with SERIAL: [FEII0-0R892-RZRIL-TJZ3K] PLAYER: [289] PLAYER NAME: [Xrek] ITEM: [2273] COUNT: [2]
[1/8/2016 3:10:25] Deleted item from 'player_depotitems' with SERIAL: [FEII0-0R892-RZRIL-TJZ3K] PLAYER: [300] PLAYER NAME: [Abeas] ITEM: [2273] COUNT: [2]
[1/8/2016 3:10:25] Deleted item from 'player_items' with SERIAL: [FIIE3-YB7ZN-6IB5Y-9KBMO] PLAYER: [288] PLAYER NAME: [Darkness Knight] ITEM: [2273] COUNT: [2]
[1/8/2016 3:10:25] Deleted item from 'player_items' with SERIAL: [FIIE3-YB7ZN-6IB5Y-9KBMO] PLAYER: [506] PLAYER NAME: [Alquimia] ITEM: [2273] COUNT: [2]
[1/8/2016 3:10:25] Deleted item from 'player_depotitems' with SERIAL: [FJ4B3-RJ2C7-0U8Q6-7ZBQ9] PLAYER: [289] PLAYER NAME: [Xrek] ITEM: [2273] COUNT: [2]
[1/8/2016 3:10:25] Deleted item from 'player_depotitems' with SERIAL: [FJ4B3-RJ2C7-0U8Q6-7ZBQ9] PLAYER: [300] PLAYER NAME: [Abeas] ITEM: [2273] COUNT: [2]
[1/8/2016 3:10:25] Deleted item from 'player_items' with SERIAL: [FKXDX-MROTK-6JK5H-O1WVP] PLAYER: [300] PLAYER NAME: [Abeas] ITEM: [2273] COUNT: [2]
[1/8/2016 3:10:25] Deleted item from 'player_depotitems' with SERIAL: [FKXDX-MROTK-6JK5H-O1WVP] PLAYER: [289] PLAYER NAME: [Xrek] ITEM: [2273] COUNT: [2]
[1/8/2016 3:10:25] Deleted item from 'player_depotitems' with SERIAL: [FYOX0-I2VB9-T6NP9-WQJNH] PLAYER: [289] PLAYER NAME: [Xrek] ITEM: [2273] COUNT: [2]
[1/8/2016 3:10:25] Deleted item from 'player_depotitems' with SERIAL: [FYOX0-I2VB9-T6NP9-WQJNH] PLAYER: [300] PLAYER NAME: [Abeas] ITEM: [2273] COUNT: [2]
[1/8/2016 3:10:25] Deleted item from 'player_depotitems' with SERIAL: [G8S8N-L648K-CO82B-7LESY] PLAYER: [289] PLAYER NAME: [Xrek] ITEM: [2273] COUNT: [2]
[1/8/2016 3:10:25] Deleted item from 'player_depotitems' with SERIAL: [G8S8N-L648K-CO82B-7LESY] PLAYER: [300] PLAYER NAME: [Abeas] ITEM: [2273] COUNT: [2]
[1/8/2016 3:10:25] Deleted item from 'player_items' with SERIAL: [GBY67-WQQWF-61EJ3-WFN4H] PLAYER: [288] PLAYER NAME: [Darkness Knight] ITEM: [2273] COUNT: [2]
[1/8/2016 3:10:25] Deleted item from 'player_items' with SERIAL: [GBY67-WQQWF-61EJ3-WFN4H] PLAYER: [506] PLAYER NAME: [Alquimia] ITEM: [2273] COUNT: [2]
[1/8/2016 3:10:25] Deleted item from 'player_items' with SERIAL: [GY5KJ-DU1FR-U5SRB-5FKTE] PLAYER: [148] PLAYER NAME: [Ve Ge Ta] ITEM: [2304] COUNT: [4]
[1/8/2016 3:10:25] Deleted item from 'player_items' with SERIAL: [GY5KJ-DU1FR-U5SRB-5FKTE] PLAYER: [467] PLAYER NAME: [Paolo Guerrero] ITEM: [2304] COUNT: [4]
[1/8/2016 3:10:25] Deleted item from 'player_items' with SERIAL: [GZ6FX-Z9ILV-PBCX4-EYULD] PLAYER: [288] PLAYER NAME: [Darkness Knight] ITEM: [2273] COUNT: [2]
[1/8/2016 3:10:25] Deleted item from 'player_items' with SERIAL: [GZ6FX-Z9ILV-PBCX4-EYULD] PLAYER: [506] PLAYER NAME: [Alquimia] ITEM: [2273] COUNT: [2]
[1/8/2016 3:10:25] Deleted item from 'player_items' with SERIAL: [GZKK4-24ZPQ-Q4XF4-XS7JP] PLAYER: [289] PLAYER NAME: [Xrek] ITEM: [2273] COUNT: [2]
[1/8/2016 3:10:25] Deleted item from 'player_depotitems' with SERIAL: [GZKK4-24ZPQ-Q4XF4-XS7JP] PLAYER: [300] PLAYER NAME: [Abeas] ITEM: [2273] COUNT: [2]
[1/8/2016 3:10:26] Deleted item from 'player_items' with SERIAL: [H45IP-99YQX-QWXKI-IM294] PLAYER: [148] PLAYER NAME: [Ve Ge Ta] ITEM: [2304] COUNT: [4]
[1/8/2016 3:10:26] Deleted item from 'player_items' with SERIAL: [H45IP-99YQX-QWXKI-IM294] PLAYER: [467] PLAYER NAME: [Paolo Guerrero] ITEM: [2304] COUNT: [3]
[1/8/2016 3:10:26] Deleted item from 'player_depotitems' with SERIAL: [H763Z-ML24L-X2QZR-F0CJR] PLAYER: [289] PLAYER NAME: [Xrek] ITEM: [2050] COUNT: [1]
[1/8/2016 3:10:26] Deleted item from 'player_depotitems' with SERIAL: [H763Z-ML24L-X2QZR-F0CJR] PLAYER: [300] PLAYER NAME: [Abeas] ITEM: [2050] COUNT: [1]
[1/8/2016 3:10:26] Deleted item from 'player_items' with SERIAL: [H9TVW-YBWUX-YXX5G-U029B] PLAYER: [288] PLAYER NAME: [Darkness Knight] ITEM: [2273] COUNT: [2]
[1/8/2016 3:10:26] Deleted item from 'player_items' with SERIAL: [H9TVW-YBWUX-YXX5G-U029B] PLAYER: [506] PLAYER NAME: [Alquimia] ITEM: [2273] COUNT: [2]
[1/8/2016 3:10:26] Deleted item from 'player_items' with SERIAL: [HGE35-6VN2H-7DZEG-0M9M6] PLAYER: [288] PLAYER NAME: [Darkness Knight] ITEM: [2273] COUNT: [2]
[1/8/2016 3:10:26] Deleted item from 'player_items' with SERIAL: [HGE35-6VN2H-7DZEG-0M9M6] PLAYER: [506] PLAYER NAME: [Alquimia] ITEM: [2273] COUNT: [2]
[1/8/2016 3:10:26] Deleted item from 'player_items' with SERIAL: [HGRWR-TBB5L-5V3MO-XVSCB] PLAYER: [288] PLAYER NAME: [Darkness Knight] ITEM: [2273] COUNT: [2]
[1/8/2016 3:10:26] Deleted item from 'player_items' with SERIAL: [HGRWR-TBB5L-5V3MO-XVSCB] PLAYER: [506] PLAYER NAME: [Alquimia] ITEM: [2273] COUNT: [2]
[1/8/2016 3:10:26] Deleted item from 'player_depotitems' with SERIAL: [HY7UT-PN1XW-0XF5G-SEX96] PLAYER: [289] PLAYER NAME: [Xrek] ITEM: [2273] COUNT: [2]
[1/8/2016 3:10:26] Deleted item from 'player_depotitems' with SERIAL: [HY7UT-PN1XW-0XF5G-SEX96] PLAYER: [300] PLAYER NAME: [Abeas] ITEM: [2273] COUNT: [2]
[1/8/2016 3:10:26] Deleted item from 'player_items' with SERIAL: [HY9R9-QNO2R-IVZZG-MYQGE] PLAYER: [288] PLAYER NAME: [Darkness Knight] ITEM: [2273] COUNT: [2]
[1/8/2016 3:10:26] Deleted item from 'player_items' with SERIAL: [HY9R9-QNO2R-IVZZG-MYQGE] PLAYER: [506] PLAYER NAME: [Alquimia] ITEM: [2273] COUNT: [2]
[1/8/2016 3:10:26] Deleted item from 'player_items' with SERIAL: [I54K1-OYDHY-D9P5C-FLBXQ] PLAYER: [289] PLAYER NAME: [Xrek] ITEM: [2273] COUNT: [2]
[1/8/2016 3:10:26] Deleted item from 'player_depotitems' with SERIAL: [I54K1-OYDHY-D9P5C-FLBXQ] PLAYER: [300] PLAYER NAME: [Abeas] ITEM: [2273] COUNT: [2]
[1/8/2016 3:10:26] Deleted item from 'player_depotitems' with SERIAL: [I6LPE-OORNQ-J85UE-Y1STK] PLAYER: [289] PLAYER NAME: [Xrek] ITEM: [2273] COUNT: [2]
[1/8/2016 3:10:26] Deleted item from 'player_depotitems' with SERIAL: [I6LPE-OORNQ-J85UE-Y1STK] PLAYER: [300] PLAYER NAME: [Abeas] ITEM: [2273] COUNT: [2]
[1/8/2016 3:10:26] Deleted item from 'player_items' with SERIAL: [I99B5-Z03K5-GSWW7-3HGCU] PLAYER: [302] PLAYER NAME: [Retarded Cleide] ITEM: [2478] COUNT: [1]
[1/8/2016 3:10:26] Deleted item from 'player_items' with SERIAL: [I99B5-Z03K5-GSWW7-3HGCU] PLAYER: [422] PLAYER NAME: [Seu Clayton] ITEM: [2478] COUNT: [1]
[1/8/2016 3:10:26] Deleted item from 'player_depotitems' with SERIAL: [JCMG5-HDTI5-RNUQ9-SVW2U] PLAYER: [289] PLAYER NAME: [Xrek] ITEM: [2273] COUNT: [2]
[1/8/2016 3:10:26] Deleted item from 'player_depotitems' with SERIAL: [JCMG5-HDTI5-RNUQ9-SVW2U] PLAYER: [300] PLAYER NAME: [Abeas] ITEM: [2273] COUNT: [2]
[1/8/2016 3:10:26] Deleted item from 'player_items' with SERIAL: [JIN94-B3ZJZ-9P603-C92CJ] PLAYER: [300] PLAYER NAME: [Abeas] ITEM: [2273] COUNT: [2]
[1/8/2016 3:10:26] Deleted item from 'player_depotitems' with SERIAL: [JIN94-B3ZJZ-9P603-C92CJ] PLAYER: [289] PLAYER NAME: [Xrek] ITEM: [2273] COUNT: [2]
[1/8/2016 3:10:26] Deleted item from 'player_items' with SERIAL: [JZO6L-VD0YB-3I6EV-SDFWX] PLAYER: [148] PLAYER NAME: [Ve Ge Ta] ITEM: [2304] COUNT: [4]
[1/8/2016 3:10:26] Deleted item from 'player_items' with SERIAL: [JZO6L-VD0YB-3I6EV-SDFWX] PLAYER: [467] PLAYER NAME: [Paolo Guerrero] ITEM: [2304] COUNT: [4]
[1/8/2016 3:10:26] Deleted item from 'player_items' with SERIAL: [K89RK-P0OPT-IVCXZ-6SLVV] PLAYER: [288] PLAYER NAME: [Darkness Knight] ITEM: [2273] COUNT: [2]
[1/8/2016 3:10:26] Deleted item from 'player_items' with SERIAL: [K89RK-P0OPT-IVCXZ-6SLVV] PLAYER: [506] PLAYER NAME: [Alquimia] ITEM: [2273] COUNT: [2]
[1/8/2016 3:10:26] Deleted item from 'player_items' with SERIAL: [KJY8N-WGR7N-RGVE1-WJI0S] PLAYER: [288] PLAYER NAME: [Darkness Knight] ITEM: [2273] COUNT: [2]
[1/8/2016 3:10:26] Deleted item from 'player_items' with SERIAL: [KJY8N-WGR7N-RGVE1-WJI0S] PLAYER: [506] PLAYER NAME: [Alquimia] ITEM: [2273] COUNT: [2]
[1/8/2016 3:10:27] Deleted item from 'player_items' with SERIAL: [KRSXU-KRCK7-09H45-ZU1Z1] PLAYER: [148] PLAYER NAME: [Ve Ge Ta] ITEM: [2004] COUNT: [1]
[1/8/2016 3:10:27] Deleted item from 'player_items' with SERIAL: [KRSXU-KRCK7-09H45-ZU1Z1] PLAYER: [467] PLAYER NAME: [Paolo Guerrero] ITEM: [2004] COUNT: [1]
[1/8/2016 3:10:27] Deleted item from 'player_depotitems' with SERIAL: [KT9H9-M9EZR-JNLYG-L83C4] PLAYER: [289] PLAYER NAME: [Xrek] ITEM: [2273] COUNT: [2]
[1/8/2016 3:10:27] Deleted item from 'player_depotitems' with SERIAL: [KT9H9-M9EZR-JNLYG-L83C4] PLAYER: [300] PLAYER NAME: [Abeas] ITEM: [2273] COUNT: [2]
[1/8/2016 3:10:27] Deleted item from 'player_depotitems' with SERIAL: [LTMT5-E6FVI-5SI6S-DKIR6] PLAYER: [289] PLAYER NAME: [Xrek] ITEM: [2273] COUNT: [2]
[1/8/2016 3:10:27] Deleted item from 'player_depotitems' with SERIAL: [LTMT5-E6FVI-5SI6S-DKIR6] PLAYER: [300] PLAYER NAME: [Abeas] ITEM: [2273] COUNT: [2]
[1/8/2016 3:10:27] Deleted item from 'player_depotitems' with SERIAL: [LUH7W-WXHIQ-F90TC-047FR] PLAYER: [289] PLAYER NAME: [Xrek] ITEM: [2273] COUNT: [2]
[1/8/2016 3:10:27] Deleted item from 'player_depotitems' with SERIAL: [LUH7W-WXHIQ-F90TC-047FR] PLAYER: [300] PLAYER NAME: [Abeas] ITEM: [2273] COUNT: [2]
[1/8/2016 3:10:27] Deleted item from 'player_depotitems' with SERIAL: [LWS2V-CD9R4-KP2DJ-UCQ07] PLAYER: [289] PLAYER NAME: [Xrek] ITEM: [2273] COUNT: [2]
[1/8/2016 3:10:27] Deleted item from 'player_depotitems' with SERIAL: [LWS2V-CD9R4-KP2DJ-UCQ07] PLAYER: [300] PLAYER NAME: [Abeas] ITEM: [2273] COUNT: [2]
[1/8/2016 3:10:27] Deleted item from 'player_items' with SERIAL: [LX9E9-MD6GQ-7DGNK-8TYCP] PLAYER: [288] PLAYER NAME: [Darkness Knight] ITEM: [2273] COUNT: [2]
[1/8/2016 3:10:27] Deleted item from 'player_items' with SERIAL: [LX9E9-MD6GQ-7DGNK-8TYCP] PLAYER: [506] PLAYER NAME: [Alquimia] ITEM: [2273] COUNT: [2]
[1/8/2016 3:10:27] Deleted item from 'player_items' with SERIAL: [LZ19R-CSDPU-T46QW-RE3QF] PLAYER: [289] PLAYER NAME: [Xrek] ITEM: [2165] COUNT: [1]
[1/8/2016 3:10:27] Deleted item from 'player_items' with SERIAL: [LZ19R-CSDPU-T46QW-RE3QF] PLAYER: [300] PLAYER NAME: [Abeas] ITEM: [2165] COUNT: [1]
[1/8/2016 3:10:27] Deleted item from 'player_items' with SERIAL: [LZ5Q5-CMZVN-J7C7V-D04XY] PLAYER: [289] PLAYER NAME: [Xrek] ITEM: [2273] COUNT: [2]
[1/8/2016 3:10:27] Deleted item from 'player_depotitems' with SERIAL: [LZ5Q5-CMZVN-J7C7V-D04XY] PLAYER: [300] PLAYER NAME: [Abeas] ITEM: [2273] COUNT: [2]
[1/8/2016 3:10:27] Deleted item from 'player_items' with SERIAL: [M9HNV-IVP5G-MX99S-TPMF5] PLAYER: [288] PLAYER NAME: [Darkness Knight] ITEM: [2273] COUNT: [2]
[1/8/2016 3:10:27] Deleted item from 'player_items' with SERIAL: [M9HNV-IVP5G-MX99S-TPMF5] PLAYER: [506] PLAYER NAME: [Alquimia] ITEM: [2273] COUNT: [2]
[1/8/2016 3:10:27] Deleted item from 'player_items' with SERIAL: [M9JYW-IV89Q-5MDBF-MJ4V8] PLAYER: [288] PLAYER NAME: [Darkness Knight] ITEM: [2273] COUNT: [2]
[1/8/2016 3:10:27] Deleted item from 'player_items' with SERIAL: [M9JYW-IV89Q-5MDBF-MJ4V8] PLAYER: [506] PLAYER NAME: [Alquimia] ITEM: [2273] COUNT: [2]
[1/8/2016 3:10:27] Deleted item from 'player_depotitems' with SERIAL: [MSQ3Y-8X27V-97WVJ-NSCNR] PLAYER: [289] PLAYER NAME: [Xrek] ITEM: [2273] COUNT: [2]
[1/8/2016 3:10:27] Deleted item from 'player_depotitems' with SERIAL: [MSQ3Y-8X27V-97WVJ-NSCNR] PLAYER: [300] PLAYER NAME: [Abeas] ITEM: [2273] COUNT: [2]
[1/8/2016 3:10:28] Deleted item from 'player_items' with SERIAL: [N2BID-3WB60-V3FI2-UWTY9] PLAYER: [300] PLAYER NAME: [Abeas] ITEM: [2273] COUNT: [2]
[1/8/2016 3:10:28] Deleted item from 'player_depotitems' with SERIAL: [N2BID-3WB60-V3FI2-UWTY9] PLAYER: [289] PLAYER NAME: [Xrek] ITEM: [2273] COUNT: [2]
[1/8/2016 3:10:28] Deleted item from 'player_items' with SERIAL: [NCQO9-G4JDN-PHVLL-M61G3] PLAYER: [33] PLAYER NAME: [Zabijxera] ITEM: [1999] COUNT: [1]
[1/8/2016 3:10:28] Deleted item from 'player_items' with SERIAL: [NCQO9-G4JDN-PHVLL-M61G3] PLAYER: [189] PLAYER NAME: [Co Ba Chieu] ITEM: [1999] COUNT: [1]
[1/8/2016 3:10:28] Deleted item from 'player_items' with SERIAL: [NET8Z-LK8TU-QU7OX-D7EIJ] PLAYER: [288] PLAYER NAME: [Darkness Knight] ITEM: [2273] COUNT: [2]
[1/8/2016 3:10:28] Deleted item from 'player_items' with SERIAL: [NET8Z-LK8TU-QU7OX-D7EIJ] PLAYER: [506] PLAYER NAME: [Alquimia] ITEM: [2273] COUNT: [2]
[1/8/2016 3:10:28] Deleted item from 'player_items' with SERIAL: [NHEFO-6DJPO-UIY66-3G0C1] PLAYER: [65] PLAYER NAME: [Amaranth] ITEM: [1987] COUNT: [1]
[1/8/2016 3:10:28] Deleted item from 'player_items' with SERIAL: [NHEFO-6DJPO-UIY66-3G0C1] PLAYER: [378] PLAYER NAME: [Evod] ITEM: [1987] COUNT: [1]
[1/8/2016 3:10:28] Deleted item from 'player_items' with SERIAL: [O6ZYX-B2KV2-7IZ25-Q9F94] PLAYER: [289] PLAYER NAME: [Xrek] ITEM: [2273] COUNT: [1]
[1/8/2016 3:10:28] Deleted item from 'player_depotitems' with SERIAL: [O6ZYX-B2KV2-7IZ25-Q9F94] PLAYER: [300] PLAYER NAME: [Abeas] ITEM: [2273] COUNT: [2]
[1/8/2016 3:10:28] Deleted item from 'player_items' with SERIAL: [OFPZX-160RL-X8O5F-1H8XF] PLAYER: [289] PLAYER NAME: [Xrek] ITEM: [2273] COUNT: [2]
[1/8/2016 3:10:28] Deleted item from 'player_depotitems' with SERIAL: [OFPZX-160RL-X8O5F-1H8XF] PLAYER: [300] PLAYER NAME: [Abeas] ITEM: [2273] COUNT: [2]
[1/8/2016 3:10:28] Deleted item from 'player_depotitems' with SERIAL: [OFVEU-4ZH4H-1F7L2-MLSB1] PLAYER: [289] PLAYER NAME: [Xrek] ITEM: [2273] COUNT: [2]
[1/8/2016 3:10:28] Deleted item from 'player_depotitems' with SERIAL: [OFVEU-4ZH4H-1F7L2-MLSB1] PLAYER: [300] PLAYER NAME: [Abeas] ITEM: [2273] COUNT: [2]
[1/8/2016 3:10:28] Deleted item from 'player_items' with SERIAL: [ON2KD-YO8ZN-N30HM-HN2EM] PLAYER: [289] PLAYER NAME: [Xrek] ITEM: [2273] COUNT: [2]
[1/8/2016 3:10:28] Deleted item from 'player_depotitems' with SERIAL: [ON2KD-YO8ZN-N30HM-HN2EM] PLAYER: [300] PLAYER NAME: [Abeas] ITEM: [2273] COUNT: [2]
[1/8/2016 3:10:28] Deleted item from 'player_depotitems' with SERIAL: [ONTEF-5ZUDC-1U9UR-XINQF] PLAYER: [289] PLAYER NAME: [Xrek] ITEM: [2273] COUNT: [2]
[1/8/2016 3:10:28] Deleted item from 'player_depotitems' with SERIAL: [ONTEF-5ZUDC-1U9UR-XINQF] PLAYER: [300] PLAYER NAME: [Abeas] ITEM: [2273] COUNT: [2]
[1/8/2016 3:10:28] Deleted item from 'player_depotitems' with SERIAL: [OX8H8-ELK5X-89UTM-70JYJ] PLAYER: [289] PLAYER NAME: [Xrek] ITEM: [2273] COUNT: [2]
[1/8/2016 3:10:28] Deleted item from 'player_depotitems' with SERIAL: [OX8H8-ELK5X-89UTM-70JYJ] PLAYER: [300] PLAYER NAME: [Abeas] ITEM: [2273] COUNT: [2]
[1/8/2016 3:10:29] Deleted item from 'player_items' with SERIAL: [P1IP2-FV2MP-NB5IK-75TGN] PLAYER: [288] PLAYER NAME: [Darkness Knight] ITEM: [2273] COUNT: [2]
[1/8/2016 3:10:29] Deleted item from 'player_items' with SERIAL: [P1IP2-FV2MP-NB5IK-75TGN] PLAYER: [506] PLAYER NAME: [Alquimia] ITEM: [2273] COUNT: [2]
[1/8/2016 3:10:29] Deleted item from 'player_items' with SERIAL: [P23EZ-EWH4Z-2QP8I-V0TK7] PLAYER: [289] PLAYER NAME: [Xrek] ITEM: [2273] COUNT: [2]
[1/8/2016 3:10:29] Deleted item from 'player_depotitems' with SERIAL: [P23EZ-EWH4Z-2QP8I-V0TK7] PLAYER: [300] PLAYER NAME: [Abeas] ITEM: [2273] COUNT: [2]
[1/8/2016 3:10:29] Deleted item from 'player_depotitems' with SERIAL: [PIOEB-9S3Y2-XRZI4-UI6R1] PLAYER: [289] PLAYER NAME: [Xrek] ITEM: [2273] COUNT: [2]
[1/8/2016 3:10:29] Deleted item from 'player_depotitems' with SERIAL: [PIOEB-9S3Y2-XRZI4-UI6R1] PLAYER: [300] PLAYER NAME: [Abeas] ITEM: [2273] COUNT: [2]
[1/8/2016 3:10:29] Deleted item from 'player_items' with SERIAL: [PSGR5-KFDED-MELC1-6CZEE] PLAYER: [288] PLAYER NAME: [Darkness Knight] ITEM: [2273] COUNT: [2]
[1/8/2016 3:10:29] Deleted item from 'player_items' with SERIAL: [PSGR5-KFDED-MELC1-6CZEE] PLAYER: [506] PLAYER NAME: [Alquimia] ITEM: [2273] COUNT: [2]
[1/8/2016 3:10:29] Deleted item from 'player_items' with SERIAL: [Q723P-FPW0Q-LEMJ4-11753] PLAYER: [300] PLAYER NAME: [Abeas] ITEM: [2273] COUNT: [2]
[1/8/2016 3:10:29] Deleted item from 'player_depotitems' with SERIAL: [Q723P-FPW0Q-LEMJ4-11753] PLAYER: [289] PLAYER NAME: [Xrek] ITEM: [2273] COUNT: [2]
[1/8/2016 3:10:29] Deleted item from 'player_items' with SERIAL: [QXU3H-I3P5N-KNXF8-JF96Y] PLAYER: [288] PLAYER NAME: [Darkness Knight] ITEM: [2273] COUNT: [2]
[1/8/2016 3:10:29] Deleted item from 'player_items' with SERIAL: [QXU3H-I3P5N-KNXF8-JF96Y] PLAYER: [506] PLAYER NAME: [Alquimia] ITEM: [2273] COUNT: [2]
[1/8/2016 3:10:29] Deleted item from 'player_depotitems' with SERIAL: [R466O-8GQC9-XZR9I-LCPP0] PLAYER: [289] PLAYER NAME: [Xrek] ITEM: [2273] COUNT: [2]
[1/8/2016 3:10:29] Deleted item from 'player_depotitems' with SERIAL: [R466O-8GQC9-XZR9I-LCPP0] PLAYER: [300] PLAYER NAME: [Abeas] ITEM: [2273] COUNT: [2]
[1/8/2016 3:10:29] Deleted item from 'player_items' with SERIAL: [R6LS8-QHVIM-CMTJ3-X73TV] PLAYER: [288] PLAYER NAME: [Darkness Knight] ITEM: [2273] COUNT: [2]
[1/8/2016 3:10:29] Deleted item from 'player_items' with SERIAL: [R6LS8-QHVIM-CMTJ3-X73TV] PLAYER: [506] PLAYER NAME: [Alquimia] ITEM: [2273] COUNT: [2]
[1/8/2016 3:10:29] Deleted item from 'player_items' with SERIAL: [R8TE4-8PLSD-69MTC-L5SBN] PLAYER: [300] PLAYER NAME: [Abeas] ITEM: [2273] COUNT: [1]
[1/8/2016 3:10:29] Deleted item from 'player_depotitems' with SERIAL: [R8TE4-8PLSD-69MTC-L5SBN] PLAYER: [289] PLAYER NAME: [Xrek] ITEM: [2273] COUNT: [1]
[1/8/2016 3:10:29] Deleted item from 'player_depotitems' with SERIAL: [R8V0T-YD8GQ-DFW1Q-2UKQ9] PLAYER: [289] PLAYER NAME: [Xrek] ITEM: [2273] COUNT: [2]
[1/8/2016 3:10:29] Deleted item from 'player_depotitems' with SERIAL: [R8V0T-YD8GQ-DFW1Q-2UKQ9] PLAYER: [300] PLAYER NAME: [Abeas] ITEM: [2273] COUNT: [2]
[1/8/2016 3:10:29] Deleted item from 'player_depotitems' with SERIAL: [RWUL2-P6G2S-9OR3F-C5TML] PLAYER: [289] PLAYER NAME: [Xrek] ITEM: [2273] COUNT: [2]
[1/8/2016 3:10:29] Deleted item from 'player_depotitems' with SERIAL: [RWUL2-P6G2S-9OR3F-C5TML] PLAYER: [300] PLAYER NAME: [Abeas] ITEM: [2273] COUNT: [2]
[1/8/2016 3:10:29] Deleted item from 'player_items' with SERIAL: [S3K2B-5CBQT-HS6HH-4E3Z2] PLAYER: [289] PLAYER NAME: [Xrek] ITEM: [2273] COUNT: [2]
[1/8/2016 3:10:29] Deleted item from 'player_depotitems' with SERIAL: [S3K2B-5CBQT-HS6HH-4E3Z2] PLAYER: [300] PLAYER NAME: [Abeas] ITEM: [2273] COUNT: [2]
[1/8/2016 3:10:30] Deleted item from 'player_depotitems' with SERIAL: [SCIR9-BEGZU-WYNQ7-KKBSU] PLAYER: [289] PLAYER NAME: [Xrek] ITEM: [2273] COUNT: [2]
[1/8/2016 3:10:30] Deleted item from 'player_depotitems' with SERIAL: [SCIR9-BEGZU-WYNQ7-KKBSU] PLAYER: [300] PLAYER NAME: [Abeas] ITEM: [2273] COUNT: [2]
[1/8/2016 3:10:30] Deleted item from 'player_items' with SERIAL: [SK3R9-38SQD-62Z4H-0RV6W] PLAYER: [288] PLAYER NAME: [Darkness Knight] ITEM: [2273] COUNT: [2]
[1/8/2016 3:10:30] Deleted item from 'player_items' with SERIAL: [SK3R9-38SQD-62Z4H-0RV6W] PLAYER: [506] PLAYER NAME: [Alquimia] ITEM: [2273] COUNT: [2]
[1/8/2016 3:10:30] Deleted item from 'player_items' with SERIAL: [THHVP-PBGY3-0QOYQ-5IV2I] PLAYER: [289] PLAYER NAME: [Xrek] ITEM: [2273] COUNT: [2]
[1/8/2016 3:10:30] Deleted item from 'player_depotitems' with SERIAL: [THHVP-PBGY3-0QOYQ-5IV2I] PLAYER: [300] PLAYER NAME: [Abeas] ITEM: [2273] COUNT: [2]
[1/8/2016 3:10:30] Deleted item from 'player_depotitems' with SERIAL: [TPUE8-Y9127-JLQQ4-9FKDJ] PLAYER: [289] PLAYER NAME: [Xrek] ITEM: [2273] COUNT: [2]
[1/8/2016 3:10:30] Deleted item from 'player_depotitems' with SERIAL: [TPUE8-Y9127-JLQQ4-9FKDJ] PLAYER: [300] PLAYER NAME: [Abeas] ITEM: [2273] COUNT: [2]
[1/8/2016 3:10:30] Deleted item from 'player_items' with SERIAL: [TRB9F-YQITN-07K0J-6JB9B] PLAYER: [289] PLAYER NAME: [Xrek] ITEM: [2304] COUNT: [2]
[1/8/2016 3:10:30] Deleted item from 'player_items' with SERIAL: [TRB9F-YQITN-07K0J-6JB9B] PLAYER: [300] PLAYER NAME: [Abeas] ITEM: [2304] COUNT: [4]
[1/8/2016 3:10:30] Deleted item from 'player_items' with SERIAL: [TX46U-FQ9XT-3NGZK-2CL45] PLAYER: [288] PLAYER NAME: [Darkness Knight] ITEM: [2002] COUNT: [1]
[1/8/2016 3:10:30] Deleted item from 'player_items' with SERIAL: [TX46U-FQ9XT-3NGZK-2CL45] PLAYER: [506] PLAYER NAME: [Alquimia] ITEM: [2002] COUNT: [1]
[1/8/2016 3:10:30] Deleted item from 'player_depotitems' with SERIAL: [TZF0X-74T84-WYQ65-ZMS0S] PLAYER: [289] PLAYER NAME: [Xrek] ITEM: [2273] COUNT: [2]
[1/8/2016 3:10:30] Deleted item from 'player_depotitems' with SERIAL: [TZF0X-74T84-WYQ65-ZMS0S] PLAYER: [300] PLAYER NAME: [Abeas] ITEM: [2273] COUNT: [2]
[1/8/2016 3:10:30] Deleted item from 'player_items' with SERIAL: [U1FI2-HP36S-ICXZY-RUY4O] PLAYER: [288] PLAYER NAME: [Darkness Knight] ITEM: [2273] COUNT: [2]
[1/8/2016 3:10:30] Deleted item from 'player_items' with SERIAL: [U1FI2-HP36S-ICXZY-RUY4O] PLAYER: [506] PLAYER NAME: [Alquimia] ITEM: [2273] COUNT: [2]
[1/8/2016 3:10:30] Deleted item from 'player_items' with SERIAL: [U50CL-0I3V1-626CL-W0KKQ] PLAYER: [148] PLAYER NAME: [Ve Ge Ta] ITEM: [2304] COUNT: [4]
[1/8/2016 3:10:30] Deleted item from 'player_items' with SERIAL: [U50CL-0I3V1-626CL-W0KKQ] PLAYER: [467] PLAYER NAME: [Paolo Guerrero] ITEM: [2304] COUNT: [4]
[1/8/2016 3:10:30] Deleted item from 'player_items' with SERIAL: [U71C0-RIBZH-KKWZQ-RH7VI] PLAYER: [288] PLAYER NAME: [Darkness Knight] ITEM: [2273] COUNT: [2]
[1/8/2016 3:10:30] Deleted item from 'player_items' with SERIAL: [U71C0-RIBZH-KKWZQ-RH7VI] PLAYER: [506] PLAYER NAME: [Alquimia] ITEM: [2273] COUNT: [2]
[1/8/2016 3:10:30] Deleted item from 'player_depotitems' with SERIAL: [UH6HH-NREF5-K4HMR-EW469] PLAYER: [289] PLAYER NAME: [Xrek] ITEM: [2273] COUNT: [2]
[1/8/2016 3:10:30] Deleted item from 'player_depotitems' with SERIAL: [UH6HH-NREF5-K4HMR-EW469] PLAYER: [300] PLAYER NAME: [Abeas] ITEM: [2273] COUNT: [2]
[1/8/2016 3:10:30] Deleted item from 'player_depotitems' with SERIAL: [UYYB6-PODK8-M0OJD-LC3R6] PLAYER: [289] PLAYER NAME: [Xrek] ITEM: [2273] COUNT: [2]
[1/8/2016 3:10:30] Deleted item from 'player_depotitems' with SERIAL: [UYYB6-PODK8-M0OJD-LC3R6] PLAYER: [300] PLAYER NAME: [Abeas] ITEM: [2273] COUNT: [2]
[1/8/2016 3:10:30] Deleted item from 'player_items' with SERIAL: [V167K-MFV98-Q7F0Z-6LRT2] PLAYER: [288] PLAYER NAME: [Darkness Knight] ITEM: [2273] COUNT: [2]
[1/8/2016 3:10:30] Deleted item from 'player_items' with SERIAL: [V167K-MFV98-Q7F0Z-6LRT2] PLAYER: [506] PLAYER NAME: [Alquimia] ITEM: [2273] COUNT: [2]
[1/8/2016 3:10:30] Deleted item from 'player_items' with SERIAL: [VO7U5-ZHYVP-PJUO8-3SZ9E] PLAYER: [289] PLAYER NAME: [Xrek] ITEM: [2273] COUNT: [2]
[1/8/2016 3:10:30] Deleted item from 'player_depotitems' with SERIAL: [VO7U5-ZHYVP-PJUO8-3SZ9E] PLAYER: [300] PLAYER NAME: [Abeas] ITEM: [2273] COUNT: [2]
[1/8/2016 3:10:30] Deleted item from 'player_items' with SERIAL: [VPXW0-EXO0M-S6ZZV-MUGF3] PLAYER: [289] PLAYER NAME: [Xrek] ITEM: [1988] COUNT: [1]
[1/8/2016 3:10:30] Deleted item from 'player_items' with SERIAL: [VPXW0-EXO0M-S6ZZV-MUGF3] PLAYER: [300] PLAYER NAME: [Abeas] ITEM: [1988] COUNT: [1]
[1/8/2016 3:10:30] Deleted item from 'player_depotitems' with SERIAL: [VQKVB-5U9JY-CHW4R-HZG07] PLAYER: [289] PLAYER NAME: [Xrek] ITEM: [1988] COUNT: [1]
[1/8/2016 3:10:30] Deleted item from 'player_depotitems' with SERIAL: [VQKVB-5U9JY-CHW4R-HZG07] PLAYER: [300] PLAYER NAME: [Abeas] ITEM: [1988] COUNT: [1]
[1/8/2016 3:10:31] Deleted item from 'player_items' with SERIAL: [VQPGT-GFFZE-WY32C-O1XS8] PLAYER: [288] PLAYER NAME: [Darkness Knight] ITEM: [2273] COUNT: [2]
[1/8/2016 3:10:31] Deleted item from 'player_items' with SERIAL: [VQPGT-GFFZE-WY32C-O1XS8] PLAYER: [506] PLAYER NAME: [Alquimia] ITEM: [2273] COUNT: [2]
[1/8/2016 3:10:31] Deleted item from 'player_depotitems' with SERIAL: [W41ZN-LVFG3-01IVX-U3HSN] PLAYER: [289] PLAYER NAME: [Xrek] ITEM: [1988] COUNT: [1]
[1/8/2016 3:10:31] Deleted item from 'player_depotitems' with SERIAL: [W41ZN-LVFG3-01IVX-U3HSN] PLAYER: [300] PLAYER NAME: [Abeas] ITEM: [1988] COUNT: [1]
[1/8/2016 3:10:31] Deleted item from 'player_depotitems' with SERIAL: [W5Y04-S4ZPG-2ENRI-P318T] PLAYER: [289] PLAYER NAME: [Xrek] ITEM: [2273] COUNT: [2]
[1/8/2016 3:10:31] Deleted item from 'player_depotitems' with SERIAL: [W5Y04-S4ZPG-2ENRI-P318T] PLAYER: [300] PLAYER NAME: [Abeas] ITEM: [2273] COUNT: [2]
[1/8/2016 3:10:31] Deleted item from 'player_items' with SERIAL: [W61C9-B3Q1H-TZ4V6-T4OCI] PLAYER: [216] PLAYER NAME: [Pakistan] ITEM: [1987] COUNT: [1]
[1/8/2016 3:10:31] Deleted item from 'player_depotitems' with SERIAL: [W61C9-B3Q1H-TZ4V6-T4OCI] PLAYER: [150] PLAYER NAME: [Khardix] ITEM: [1987] COUNT: [1]
[1/8/2016 3:10:31] Deleted item from 'player_depotitems' with SERIAL: [WHVVC-9755N-X5R85-FN20Y] PLAYER: [289] PLAYER NAME: [Xrek] ITEM: [2273] COUNT: [2]
[1/8/2016 3:10:31] Deleted item from 'player_depotitems' with SERIAL: [WHVVC-9755N-X5R85-FN20Y] PLAYER: [300] PLAYER NAME: [Abeas] ITEM: [2273] COUNT: [2]
[1/8/2016 3:10:31] Deleted item from 'player_depotitems' with SERIAL: [WW444-XIP5Z-LY5G6-IPBXR] PLAYER: [289] PLAYER NAME: [Xrek] ITEM: [2273] COUNT: [2]
[1/8/2016 3:10:31] Deleted item from 'player_depotitems' with SERIAL: [WW444-XIP5Z-LY5G6-IPBXR] PLAYER: [300] PLAYER NAME: [Abeas] ITEM: [2273] COUNT: [2]
[1/8/2016 3:10:31] Deleted item from 'player_items' with SERIAL: [XF9N7-F3HJD-0PEVB-7N49E] PLAYER: [289] PLAYER NAME: [Xrek] ITEM: [2273] COUNT: [2]
[1/8/2016 3:10:31] Deleted item from 'player_depotitems' with SERIAL: [XF9N7-F3HJD-0PEVB-7N49E] PLAYER: [300] PLAYER NAME: [Abeas] ITEM: [2273] COUNT: [2]
[1/8/2016 3:10:31] Deleted item from 'player_depotitems' with SERIAL: [XLB4L-B4R5U-GYB03-270QY] PLAYER: [289] PLAYER NAME: [Xrek] ITEM: [2650] COUNT: [1]
[1/8/2016 3:10:31] Deleted item from 'player_depotitems' with SERIAL: [XLB4L-B4R5U-GYB03-270QY] PLAYER: [300] PLAYER NAME: [Abeas] ITEM: [2650] COUNT: [1]
[1/8/2016 3:10:31] Deleted item from 'player_depotitems' with SERIAL: [Y0XI2-8DYTG-I2N5S-RI7K8] PLAYER: [289] PLAYER NAME: [Xrek] ITEM: [2273] COUNT: [2]
[1/8/2016 3:10:31] Deleted item from 'player_depotitems' with SERIAL: [Y0XI2-8DYTG-I2N5S-RI7K8] PLAYER: [300] PLAYER NAME: [Abeas] ITEM: [2273] COUNT: [2]
[1/8/2016 3:10:31] Deleted item from 'player_depotitems' with SERIAL: [YS5SC-8SF2B-1PNN0-ELCF4] PLAYER: [289] PLAYER NAME: [Xrek] ITEM: [2273] COUNT: [2]
[1/8/2016 3:10:31] Deleted item from 'player_depotitems' with SERIAL: [YS5SC-8SF2B-1PNN0-ELCF4] PLAYER: [300] PLAYER NAME: [Abeas] ITEM: [2273] COUNT: [2]
[1/8/2016 3:10:31] Deleted item from 'player_depotitems' with SERIAL: [ZI13D-LTGPO-YDTV2-2DSBG] PLAYER: [289] PLAYER NAME: [Xrek] ITEM: [2273] COUNT: [2]
[1/8/2016 3:10:31] Deleted item from 'player_depotitems' with SERIAL: [ZI13D-LTGPO-YDTV2-2DSBG] PLAYER: [300] PLAYER NAME: [Abeas] ITEM: [2273] COUNT: [2]
[1/8/2016 3:10:31] Deleted item from 'player_depotitems' with SERIAL: [ZN1Y8-LBPMZ-IWJG3-TR29S] PLAYER: [289] PLAYER NAME: [Xrek] ITEM: [2273] COUNT: [2]
[1/8/2016 3:10:31] Deleted item from 'player_depotitems' with SERIAL: [ZN1Y8-LBPMZ-IWJG3-TR29S] PLAYER: [300] PLAYER NAME: [Abeas] ITEM: [2273] COUNT: [2]
[1/8/2016 3:10:31] Deleted item from 'player_items' with SERIAL: [ZQGGB-RBJGG-56KJU-K9PJ2] PLAYER: [289] PLAYER NAME: [Xrek] ITEM: [2273] COUNT: [2]
[1/8/2016 3:10:31] Deleted item from 'player_depotitems' with SERIAL: [ZQGGB-RBJGG-56KJU-K9PJ2] PLAYER: [300] PLAYER NAME: [Abeas] ITEM: [2273] COUNT: [2]
[1/8/2016 3:10:32] Deleted item from 'player_depotitems' with SERIAL: [ZWZQB-KNDDY-LTKHH-N8CSY] PLAYER: [289] PLAYER NAME: [Xrek] ITEM: [2273] COUNT: [2]
[1/8/2016 3:10:32] Deleted item from 'player_depotitems' with SERIAL: [ZWZQB-KNDDY-LTKHH-N8CSY] PLAYER: [300] PLAYER NAME: [Abeas] ITEM: [2273] COUNT: [2]
